<?xml version="1.0" encoding="UTF-8"?>
<!-- Generated by org.testng.reporters.JUnitXMLReporter -->
<testsuite ignored="0" hostname="inlen8520040228" failures="0" tests="2" name="Default test" time="39.195" errors="0" timestamp="2024-05-20T19:46:34 IST">
  <testcase classname="com.DemoHybridFramework.qa.testCases.LoginTest_DDT2" name="Login_valid_invalid_DDT" time="11.212"/>
  <testcase classname="com.DemoHybridFramework.qa.testCases.LoginTest_DDT2" name="Login_valid_invalid_DDT" time="10.908"/>
</testsuite> <!-- Default test -->
