<?xml version="1.0" encoding="UTF-8"?>
<!-- Generated by org.testng.reporters.JUnitXMLReporter -->
<testsuite ignored="0" hostname="inlen8520040228" failures="0" tests="3" name="Default test" time="21.713" errors="0" timestamp="2024-05-19T13:30:12 IST">
  <testcase classname="com.DemoHybridFramework.qa.testCases.SearchTest" name="verifySearchWithValidProduct" time="0.688"/>
  <testcase classname="com.DemoHybridFramework.qa.testCases.SearchTest" name="verifySearchWithInValidProduct" time="0.547"/>
  <testcase classname="com.DemoHybridFramework.qa.testCases.SearchTest" name="verifySearchWithoutAnyProduct" time="0.398"/>
</testsuite> <!-- Default test -->
