<?xml version="1.0" encoding="UTF-8"?>
<!-- Generated by org.testng.reporters.JUnitXMLReporter -->
<testsuite ignored="0" hostname="inlen8520040228" failures="0" tests="13" name="Test" time="103.816" errors="0" timestamp="2024-05-21T22:29:53 IST">
  <testcase classname="com.DemoHybridFramework.qa.testCases.SearchTest" name="verifySearchWithValidProduct" time="0.615"/>
  <testcase classname="com.DemoHybridFramework.qa.testCases.SearchTest" name="verifySearchWithInValidProduct" time="0.633"/>
  <testcase classname="com.DemoHybridFramework.qa.testCases.SearchTest" name="verifySearchWithoutAnyProduct" time="0.371"/>
  <testcase classname="com.DemoHybridFramework.qa.testCases.LoginTest" name="verifyLoginWithValidCredentials" time="1.114"/>
  <testcase classname="com.DemoHybridFramework.qa.testCases.LoginTest" name="verifyLoginWithInValidCredentials" time="1.309"/>
  <testcase classname="com.DemoHybridFramework.qa.testCases.LoginTest" name="verifyLoginWithInValidEmailAndValidPassword" time="0.896"/>
  <testcase classname="com.DemoHybridFramework.qa.testCases.LoginTest" name="verifyLoginWithValidEmailAndValidPassword" time="0.875"/>
  <testcase classname="com.DemoHybridFramework.qa.testCases.LoginTest" name="verifyLogWithoutProvidingCredentials" time="0.733"/>
  <testcase classname="com.DemoHybridFramework.qa.testCases.LoginTest_DDT" name="Login_valid_DDT" time="0.873"/>
  <testcase classname="com.DemoHybridFramework.qa.testCases.LoginTest_DDT" name="Login_valid_DDT" time="0.95"/>
  <testcase classname="com.DemoHybridFramework.qa.testCases.LoginTest_DDT" name="Login_valid_DDT" time="1.83"/>
  <testcase classname="com.DemoHybridFramework.qa.testCases.LoginTest_DDT2" name="Login_valid_invalid_DDT" time="10.687"/>
  <testcase classname="com.DemoHybridFramework.qa.testCases.LoginTest_DDT2" name="Login_valid_invalid_DDT" time="10.743"/>
</testsuite> <!-- Test -->
