<?xml version="1.0" encoding="UTF-8"?>
<testng-results ignored="0" total="13" passed="13" failed="0" skipped="0">
  <reporter-output>
  </reporter-output>
  <suite started-at="2024-05-21T22:28:08 IST" name="Suite" finished-at="2024-05-21T22:29:52 IST" duration-ms="103816">
    <groups>
    </groups>
    <test started-at="2024-05-21T22:28:08 IST" name="Test" finished-at="2024-05-21T22:29:52 IST" duration-ms="103816">
      <class name="com.DemoHybridFramework.qa.testCases.SearchTest">
        <test-method is-config="true" signature="setUp()[pri:0, instance:com.DemoHybridFramework.qa.testCases.SearchTest@4bff64c2]" started-at="2024-05-21T22:28:08 IST" name="setUp" finished-at="2024-05-21T22:28:14 IST" duration-ms="5753" status="PASS">
          <reporter-output>
          </reporter-output>
        </test-method> <!-- setUp -->
        <test-method signature="verifySearchWithValidProduct()[pri:0, instance:com.DemoHybridFramework.qa.testCases.SearchTest@4bff64c2]" started-at="2024-05-21T22:28:14 IST" name="verifySearchWithValidProduct" finished-at="2024-05-21T22:28:15 IST" duration-ms="615" status="PASS">
          <reporter-output>
          </reporter-output>
        </test-method> <!-- verifySearchWithValidProduct -->
        <test-method is-config="true" signature="tearDown()[pri:0, instance:com.DemoHybridFramework.qa.testCases.SearchTest@4bff64c2]" started-at="2024-05-21T22:28:15 IST" name="tearDown" finished-at="2024-05-21T22:28:15 IST" duration-ms="311" status="PASS">
          <reporter-output>
          </reporter-output>
        </test-method> <!-- tearDown -->
        <test-method is-config="true" signature="setUp()[pri:0, instance:com.DemoHybridFramework.qa.testCases.SearchTest@4bff64c2]" started-at="2024-05-21T22:28:15 IST" name="setUp" finished-at="2024-05-21T22:28:20 IST" duration-ms="4726" status="PASS">
          <reporter-output>
          </reporter-output>
        </test-method> <!-- setUp -->
        <test-method signature="verifySearchWithInValidProduct()[pri:1, instance:com.DemoHybridFramework.qa.testCases.SearchTest@4bff64c2]" started-at="2024-05-21T22:28:20 IST" name="verifySearchWithInValidProduct" finished-at="2024-05-21T22:28:20 IST" duration-ms="633" status="PASS">
          <reporter-output>
          </reporter-output>
        </test-method> <!-- verifySearchWithInValidProduct -->
        <test-method is-config="true" signature="tearDown()[pri:0, instance:com.DemoHybridFramework.qa.testCases.SearchTest@4bff64c2]" started-at="2024-05-21T22:28:20 IST" name="tearDown" finished-at="2024-05-21T22:28:21 IST" duration-ms="280" status="PASS">
          <reporter-output>
          </reporter-output>
        </test-method> <!-- tearDown -->
        <test-method is-config="true" signature="setUp()[pri:0, instance:com.DemoHybridFramework.qa.testCases.SearchTest@4bff64c2]" started-at="2024-05-21T22:28:21 IST" name="setUp" finished-at="2024-05-21T22:28:25 IST" duration-ms="4470" status="PASS">
          <reporter-output>
          </reporter-output>
        </test-method> <!-- setUp -->
        <test-method signature="verifySearchWithoutAnyProduct()[pri:2, instance:com.DemoHybridFramework.qa.testCases.SearchTest@4bff64c2]" started-at="2024-05-21T22:28:25 IST" name="verifySearchWithoutAnyProduct" finished-at="2024-05-21T22:28:25 IST" duration-ms="371" status="PASS">
          <reporter-output>
          </reporter-output>
        </test-method> <!-- verifySearchWithoutAnyProduct -->
        <test-method is-config="true" signature="tearDown()[pri:0, instance:com.DemoHybridFramework.qa.testCases.SearchTest@4bff64c2]" started-at="2024-05-21T22:28:25 IST" name="tearDown" finished-at="2024-05-21T22:28:26 IST" duration-ms="261" status="PASS">
          <reporter-output>
          </reporter-output>
        </test-method> <!-- tearDown -->
      </class> <!-- com.DemoHybridFramework.qa.testCases.SearchTest -->
      <class name="com.DemoHybridFramework.qa.testCases.LoginTest_DDT2">
        <test-method is-config="true" signature="setUp()[pri:0, instance:com.DemoHybridFramework.qa.testCases.LoginTest_DDT2@1af687fe]" started-at="2024-05-21T22:29:18 IST" name="setUp" finished-at="2024-05-21T22:29:23 IST" duration-ms="5298" status="PASS">
          <reporter-output>
          </reporter-output>
        </test-method> <!-- setUp -->
        <test-method signature="Login_valid_invalid_DDT(java.lang.String,java.lang.String,java.lang.String)[pri:0, instance:com.DemoHybridFramework.qa.testCases.LoginTest_DDT2@1af687fe]" started-at="2024-05-21T22:29:23 IST" name="Login_valid_invalid_DDT" data-provider="dp" finished-at="2024-05-21T22:29:34 IST" duration-ms="10687" status="PASS">
          <params>
            <param index="0">
              <value>
                <![CDATA[test@gmail.com]]>
              </value>
            </param>
            <param index="1">
              <value>
                <![CDATA[123456.0]]>
              </value>
            </param>
            <param index="2">
              <value>
                <![CDATA[invalid]]>
              </value>
            </param>
          </params>
          <reporter-output>
          </reporter-output>
        </test-method> <!-- Login_valid_invalid_DDT -->
        <test-method is-config="true" signature="tearDown()[pri:0, instance:com.DemoHybridFramework.qa.testCases.LoginTest_DDT2@1af687fe]" started-at="2024-05-21T22:29:34 IST" name="tearDown" finished-at="2024-05-21T22:29:35 IST" duration-ms="1145" status="PASS">
          <reporter-output>
          </reporter-output>
        </test-method> <!-- tearDown -->
        <test-method is-config="true" signature="setUp()[pri:0, instance:com.DemoHybridFramework.qa.testCases.LoginTest_DDT2@1af687fe]" started-at="2024-05-21T22:29:35 IST" name="setUp" finished-at="2024-05-21T22:29:41 IST" duration-ms="5753" status="PASS">
          <reporter-output>
          </reporter-output>
        </test-method> <!-- setUp -->
        <test-method signature="Login_valid_invalid_DDT(java.lang.String,java.lang.String,java.lang.String)[pri:0, instance:com.DemoHybridFramework.qa.testCases.LoginTest_DDT2@1af687fe]" started-at="2024-05-21T22:29:41 IST" name="Login_valid_invalid_DDT" data-provider="dp" finished-at="2024-05-21T22:29:52 IST" duration-ms="10743" status="PASS">
          <params>
            <param index="0">
              <value>
                <![CDATA[invalid@gmail.com]]>
              </value>
            </param>
            <param index="1">
              <value>
                <![CDATA[123456.0]]>
              </value>
            </param>
            <param index="2">
              <value>
                <![CDATA[invalid]]>
              </value>
            </param>
          </params>
          <reporter-output>
          </reporter-output>
        </test-method> <!-- Login_valid_invalid_DDT -->
        <test-method is-config="true" signature="tearDown()[pri:0, instance:com.DemoHybridFramework.qa.testCases.LoginTest_DDT2@1af687fe]" started-at="2024-05-21T22:29:52 IST" name="tearDown" finished-at="2024-05-21T22:29:52 IST" duration-ms="304" status="PASS">
          <reporter-output>
          </reporter-output>
        </test-method> <!-- tearDown -->
      </class> <!-- com.DemoHybridFramework.qa.testCases.LoginTest_DDT2 -->
      <class name="com.DemoHybridFramework.qa.testCases.LoginTest_DDT">
        <test-method is-config="true" signature="setUp()[pri:0, instance:com.DemoHybridFramework.qa.testCases.LoginTest_DDT@2f05be7f]" started-at="2024-05-21T22:28:58 IST" name="setUp" finished-at="2024-05-21T22:29:03 IST" duration-ms="4979" status="PASS">
          <reporter-output>
          </reporter-output>
        </test-method> <!-- setUp -->
        <test-method signature="Login_valid_DDT(java.lang.String,java.lang.String)[pri:0, instance:com.DemoHybridFramework.qa.testCases.LoginTest_DDT@2f05be7f]" started-at="2024-05-21T22:29:03 IST" name="Login_valid_DDT" data-provider="dp" finished-at="2024-05-21T22:29:04 IST" duration-ms="873" status="PASS">
          <params>
            <param index="0">
              <value>
                <![CDATA[shivshakti@gmail.com]]>
              </value>
            </param>
            <param index="1">
              <value>
                <![CDATA[123456.0]]>
              </value>
            </param>
          </params>
          <reporter-output>
          </reporter-output>
        </test-method> <!-- Login_valid_DDT -->
        <test-method is-config="true" signature="tearDown()[pri:0, instance:com.DemoHybridFramework.qa.testCases.LoginTest_DDT@2f05be7f]" started-at="2024-05-21T22:29:04 IST" name="tearDown" finished-at="2024-05-21T22:29:04 IST" duration-ms="317" status="PASS">
          <reporter-output>
          </reporter-output>
        </test-method> <!-- tearDown -->
        <test-method is-config="true" signature="setUp()[pri:0, instance:com.DemoHybridFramework.qa.testCases.LoginTest_DDT@2f05be7f]" started-at="2024-05-21T22:29:04 IST" name="setUp" finished-at="2024-05-21T22:29:09 IST" duration-ms="4911" status="PASS">
          <reporter-output>
          </reporter-output>
        </test-method> <!-- setUp -->
        <test-method signature="Login_valid_DDT(java.lang.String,java.lang.String)[pri:0, instance:com.DemoHybridFramework.qa.testCases.LoginTest_DDT@2f05be7f]" started-at="2024-05-21T22:29:09 IST" name="Login_valid_DDT" data-provider="dp" finished-at="2024-05-21T22:29:10 IST" duration-ms="950" status="PASS">
          <params>
            <param index="0">
              <value>
                <![CDATA[shivshakti@gmail.com]]>
              </value>
            </param>
            <param index="1">
              <value>
                <![CDATA[123456.0]]>
              </value>
            </param>
          </params>
          <reporter-output>
          </reporter-output>
        </test-method> <!-- Login_valid_DDT -->
        <test-method is-config="true" signature="tearDown()[pri:0, instance:com.DemoHybridFramework.qa.testCases.LoginTest_DDT@2f05be7f]" started-at="2024-05-21T22:29:10 IST" name="tearDown" finished-at="2024-05-21T22:29:10 IST" duration-ms="288" status="PASS">
          <reporter-output>
          </reporter-output>
        </test-method> <!-- tearDown -->
        <test-method is-config="true" signature="setUp()[pri:0, instance:com.DemoHybridFramework.qa.testCases.LoginTest_DDT@2f05be7f]" started-at="2024-05-21T22:29:10 IST" name="setUp" finished-at="2024-05-21T22:29:16 IST" duration-ms="5438" status="PASS">
          <reporter-output>
          </reporter-output>
        </test-method> <!-- setUp -->
        <test-method signature="Login_valid_DDT(java.lang.String,java.lang.String)[pri:0, instance:com.DemoHybridFramework.qa.testCases.LoginTest_DDT@2f05be7f]" started-at="2024-05-21T22:29:16 IST" name="Login_valid_DDT" data-provider="dp" finished-at="2024-05-21T22:29:18 IST" duration-ms="1830" status="PASS">
          <params>
            <param index="0">
              <value>
                <![CDATA[shivshakti@gmail.com]]>
              </value>
            </param>
            <param index="1">
              <value>
                <![CDATA[123456.0]]>
              </value>
            </param>
          </params>
          <reporter-output>
          </reporter-output>
        </test-method> <!-- Login_valid_DDT -->
        <test-method is-config="true" signature="tearDown()[pri:0, instance:com.DemoHybridFramework.qa.testCases.LoginTest_DDT@2f05be7f]" started-at="2024-05-21T22:29:18 IST" name="tearDown" finished-at="2024-05-21T22:29:18 IST" duration-ms="292" status="PASS">
          <reporter-output>
          </reporter-output>
        </test-method> <!-- tearDown -->
      </class> <!-- com.DemoHybridFramework.qa.testCases.LoginTest_DDT -->
      <class name="com.DemoHybridFramework.qa.testCases.LoginTest">
        <test-method is-config="true" signature="setUp()[pri:0, instance:com.DemoHybridFramework.qa.testCases.LoginTest@5f7b97da]" started-at="2024-05-21T22:28:26 IST" name="setUp" finished-at="2024-05-21T22:28:32 IST" duration-ms="6162" status="PASS">
          <reporter-output>
          </reporter-output>
        </test-method> <!-- setUp -->
        <test-method signature="verifyLoginWithValidCredentials()[pri:0, instance:com.DemoHybridFramework.qa.testCases.LoginTest@5f7b97da]" started-at="2024-05-21T22:28:32 IST" name="verifyLoginWithValidCredentials" finished-at="2024-05-21T22:28:33 IST" duration-ms="1114" status="PASS">
          <reporter-output>
          </reporter-output>
        </test-method> <!-- verifyLoginWithValidCredentials -->
        <test-method is-config="true" signature="tearDown()[pri:0, instance:com.DemoHybridFramework.qa.testCases.LoginTest@5f7b97da]" started-at="2024-05-21T22:28:33 IST" name="tearDown" finished-at="2024-05-21T22:28:33 IST" duration-ms="323" status="PASS">
          <reporter-output>
          </reporter-output>
        </test-method> <!-- tearDown -->
        <test-method is-config="true" signature="setUp()[pri:0, instance:com.DemoHybridFramework.qa.testCases.LoginTest@5f7b97da]" started-at="2024-05-21T22:28:33 IST" name="setUp" finished-at="2024-05-21T22:28:39 IST" duration-ms="5433" status="PASS">
          <reporter-output>
          </reporter-output>
        </test-method> <!-- setUp -->
        <test-method signature="verifyLoginWithInValidCredentials()[pri:1, instance:com.DemoHybridFramework.qa.testCases.LoginTest@5f7b97da]" started-at="2024-05-21T22:28:39 IST" name="verifyLoginWithInValidCredentials" finished-at="2024-05-21T22:28:40 IST" duration-ms="1309" status="PASS">
          <reporter-output>
          </reporter-output>
        </test-method> <!-- verifyLoginWithInValidCredentials -->
        <test-method is-config="true" signature="tearDown()[pri:0, instance:com.DemoHybridFramework.qa.testCases.LoginTest@5f7b97da]" started-at="2024-05-21T22:28:40 IST" name="tearDown" finished-at="2024-05-21T22:28:40 IST" duration-ms="319" status="PASS">
          <reporter-output>
          </reporter-output>
        </test-method> <!-- tearDown -->
        <test-method is-config="true" signature="setUp()[pri:0, instance:com.DemoHybridFramework.qa.testCases.LoginTest@5f7b97da]" started-at="2024-05-21T22:28:40 IST" name="setUp" finished-at="2024-05-21T22:28:45 IST" duration-ms="4722" status="PASS">
          <reporter-output>
          </reporter-output>
        </test-method> <!-- setUp -->
        <test-method signature="verifyLoginWithInValidEmailAndValidPassword()[pri:2, instance:com.DemoHybridFramework.qa.testCases.LoginTest@5f7b97da]" started-at="2024-05-21T22:28:45 IST" name="verifyLoginWithInValidEmailAndValidPassword" finished-at="2024-05-21T22:28:46 IST" duration-ms="896" status="PASS">
          <reporter-output>
          </reporter-output>
        </test-method> <!-- verifyLoginWithInValidEmailAndValidPassword -->
        <test-method is-config="true" signature="tearDown()[pri:0, instance:com.DemoHybridFramework.qa.testCases.LoginTest@5f7b97da]" started-at="2024-05-21T22:28:46 IST" name="tearDown" finished-at="2024-05-21T22:28:46 IST" duration-ms="294" status="PASS">
          <reporter-output>
          </reporter-output>
        </test-method> <!-- tearDown -->
        <test-method is-config="true" signature="setUp()[pri:0, instance:com.DemoHybridFramework.qa.testCases.LoginTest@5f7b97da]" started-at="2024-05-21T22:28:46 IST" name="setUp" finished-at="2024-05-21T22:28:51 IST" duration-ms="4580" status="PASS">
          <reporter-output>
          </reporter-output>
        </test-method> <!-- setUp -->
        <test-method signature="verifyLoginWithValidEmailAndValidPassword()[pri:3, instance:com.DemoHybridFramework.qa.testCases.LoginTest@5f7b97da]" started-at="2024-05-21T22:28:51 IST" name="verifyLoginWithValidEmailAndValidPassword" finished-at="2024-05-21T22:28:52 IST" duration-ms="875" status="PASS">
          <reporter-output>
          </reporter-output>
        </test-method> <!-- verifyLoginWithValidEmailAndValidPassword -->
        <test-method is-config="true" signature="tearDown()[pri:0, instance:com.DemoHybridFramework.qa.testCases.LoginTest@5f7b97da]" started-at="2024-05-21T22:28:52 IST" name="tearDown" finished-at="2024-05-21T22:28:52 IST" duration-ms="248" status="PASS">
          <reporter-output>
          </reporter-output>
        </test-method> <!-- tearDown -->
        <test-method is-config="true" signature="setUp()[pri:0, instance:com.DemoHybridFramework.qa.testCases.LoginTest@5f7b97da]" started-at="2024-05-21T22:28:52 IST" name="setUp" finished-at="2024-05-21T22:28:57 IST" duration-ms="4942" status="PASS">
          <reporter-output>
          </reporter-output>
        </test-method> <!-- setUp -->
        <test-method signature="verifyLogWithoutProvidingCredentials()[pri:4, instance:com.DemoHybridFramework.qa.testCases.LoginTest@5f7b97da]" started-at="2024-05-21T22:28:57 IST" name="verifyLogWithoutProvidingCredentials" finished-at="2024-05-21T22:28:58 IST" duration-ms="733" status="PASS">
          <reporter-output>
          </reporter-output>
        </test-method> <!-- verifyLogWithoutProvidingCredentials -->
        <test-method is-config="true" signature="tearDown()[pri:0, instance:com.DemoHybridFramework.qa.testCases.LoginTest@5f7b97da]" started-at="2024-05-21T22:28:58 IST" name="tearDown" finished-at="2024-05-21T22:28:58 IST" duration-ms="283" status="PASS">
          <reporter-output>
          </reporter-output>
        </test-method> <!-- tearDown -->
      </class> <!-- com.DemoHybridFramework.qa.testCases.LoginTest -->
    </test> <!-- Test -->
  </suite> <!-- Suite -->
</testng-results>
