<?xml version="1.0" encoding="UTF-8"?>
<testng-results ignored="0" total="2" passed="2" failed="0" skipped="0">
  <reporter-output>
  </reporter-output>
  <suite started-at="2024-05-20T19:45:55 IST" name="Default suite" finished-at="2024-05-20T19:46:34 IST" duration-ms="39195">
    <groups>
    </groups>
    <test started-at="2024-05-20T19:45:55 IST" name="Default test" finished-at="2024-05-20T19:46:34 IST" duration-ms="39195">
      <class name="com.DemoHybridFramework.qa.testCases.LoginTest_DDT2">
        <test-method is-config="true" signature="setUp()[pri:0, instance:com.DemoHybridFramework.qa.testCases.LoginTest_DDT2@5a85c92]" started-at="2024-05-20T19:45:55 IST" name="setUp" finished-at="2024-05-20T19:46:03 IST" duration-ms="8413" status="PASS">
          <reporter-output>
          </reporter-output>
        </test-method> <!-- setUp -->
        <test-method signature="Login_valid_invalid_DDT(java.lang.String,java.lang.String,java.lang.String)[pri:0, instance:com.DemoHybridFramework.qa.testCases.LoginTest_DDT2@5a85c92]" started-at="2024-05-20T19:46:03 IST" name="Login_valid_invalid_DDT" data-provider="dp" finished-at="2024-05-20T19:46:15 IST" duration-ms="11212" status="PASS">
          <params>
            <param index="0">
              <value>
                <![CDATA[test@gmail.com]]>
              </value>
            </param>
            <param index="1">
              <value>
                <![CDATA[123456.0]]>
              </value>
            </param>
            <param index="2">
              <value>
                <![CDATA[invalid]]>
              </value>
            </param>
          </params>
          <reporter-output>
          </reporter-output>
        </test-method> <!-- Login_valid_invalid_DDT -->
        <test-method is-config="true" signature="tearDown()[pri:0, instance:com.DemoHybridFramework.qa.testCases.LoginTest_DDT2@5a85c92]" started-at="2024-05-20T19:46:15 IST" name="tearDown" finished-at="2024-05-20T19:46:16 IST" duration-ms="1319" status="PASS">
          <reporter-output>
          </reporter-output>
        </test-method> <!-- tearDown -->
        <test-method is-config="true" signature="setUp()[pri:0, instance:com.DemoHybridFramework.qa.testCases.LoginTest_DDT2@5a85c92]" started-at="2024-05-20T19:46:16 IST" name="setUp" finished-at="2024-05-20T19:46:22 IST" duration-ms="6605" status="PASS">
          <reporter-output>
          </reporter-output>
        </test-method> <!-- setUp -->
        <test-method signature="Login_valid_invalid_DDT(java.lang.String,java.lang.String,java.lang.String)[pri:0, instance:com.DemoHybridFramework.qa.testCases.LoginTest_DDT2@5a85c92]" started-at="2024-05-20T19:46:22 IST" name="Login_valid_invalid_DDT" data-provider="dp" finished-at="2024-05-20T19:46:33 IST" duration-ms="10908" status="PASS">
          <params>
            <param index="0">
              <value>
                <![CDATA[invalid@gmail.com]]>
              </value>
            </param>
            <param index="1">
              <value>
                <![CDATA[123456.0]]>
              </value>
            </param>
            <param index="2">
              <value>
                <![CDATA[invalid]]>
              </value>
            </param>
          </params>
          <reporter-output>
          </reporter-output>
        </test-method> <!-- Login_valid_invalid_DDT -->
        <test-method is-config="true" signature="tearDown()[pri:0, instance:com.DemoHybridFramework.qa.testCases.LoginTest_DDT2@5a85c92]" started-at="2024-05-20T19:46:33 IST" name="tearDown" finished-at="2024-05-20T19:46:34 IST" duration-ms="493" status="PASS">
          <reporter-output>
          </reporter-output>
        </test-method> <!-- tearDown -->
      </class> <!-- com.DemoHybridFramework.qa.testCases.LoginTest_DDT2 -->
    </test> <!-- Default test -->
  </suite> <!-- Default suite -->
</testng-results>
